<?xml version="1.0" encoding="UTF-8"?>
<testsuite xmlns:xsi="http://www.w3.org/2001/XMLSchema-instance" xsi:noNamespaceSchemaLocation="https://maven.apache.org/surefire/maven-surefire-plugin/xsd/surefire-test-report.xsd" name="net.runelite.client.plugins.timetracking.farming.CompostTrackerTest" time="0.076" tests="12" errors="0" skipped="0" failures="0">
  <properties>
[...]
</properties>
  <testcase name="onMenuOptionClicked_queuesPendingCompostForFertileSoilSpellActions" classname="net.runelite.client.plugins.timetracking.farming.CompostTrackerTest" time="0.027"/>
  <testcase name="setCompostState_storesNonNullChangesToConfig" classname="net.runelite.client.plugins.timetracking.farming.CompostTrackerTest" time="0.002"/>
  <testcase name="onMenuOptionClicked_queuesPendingCompostForInspectActions" classname="net.runelite.client.plugins.timetracking.farming.CompostTrackerTest" time="0.002"/>
  <testcase name="onChatMessage_ignoresInvalidTypes" classname="net.runelite.client.plugins.timetracking.farming.CompostTrackerTest" time="0.009"/>
  <testcase name="onChatMessage_handlesFertileSoilMessages" classname="net.runelite.client.plugins.timetracking.farming.CompostTrackerTest" time="0.004"/>
  <testcase name="onChatMessage_handlesBucketUseMessages" classname="net.runelite.client.plugins.timetracking.farming.CompostTrackerTest" time="0.003"/>
  <testcase name="onMenuOptionClicked_queuesPendingCompostForCompostActions" classname="net.runelite.client.plugins.timetracking.farming.CompostTrackerTest" time="0.002"/>
  <testcase name="onChatMessage_handlesInspectMessages" classname="net.runelite.client.plugins.timetracking.farming.CompostTrackerTest" time="0.004"/>
  <testcase name="getCompostState_directlyReturnsFromConfig" classname="net.runelite.client.plugins.timetracking.farming.CompostTrackerTest" time="0.003"/>
  <testcase name="onChatMessage_volcanicAsh" classname="net.runelite.client.plugins.timetracking.farming.CompostTrackerTest" time="0.007"/>
  <testcase name="setCompostState_storesNullChangesByClearingConfig" classname="net.runelite.client.plugins.timetracking.farming.CompostTrackerTest" time="0.004"/>
  <testcase name="determineCompostUsed_returnsAppropriateCompostValues" classname="net.runelite.client.plugins.timetracking.farming.CompostTrackerTest" time="0.002"/>
</testsuite>