<?xml version="1.0" encoding="UTF-8"?>
<testsuite xmlns:xsi="http://www.w3.org/2001/XMLSchema-instance" xsi:noNamespaceSchemaLocation="https://maven.apache.org/surefire/maven-surefire-plugin/xsd/surefire-test-report.xsd" name="net.runelite.client.plugins.PluginManagerTest" time="5.118" tests="4" errors="0" skipped="0" failures="1">
  <properties>
[...]
</properties>
  <testcase name="testLoadPlugins" classname="net.runelite.client.plugins.PluginManagerTest" time="2.417">
    <failure message="expected:&lt;132&gt; but was:&lt;131&gt;" type="java.lang.AssertionError"><![CDATA[java.lang.AssertionError: expected:<132> but was:<131>
	at net.runelite.client.plugins.PluginManagerTest.testLoadPlugins(PluginManagerTest.java:155)
]]></failure>
    <system-out><![CDATA[2025-10-30 09:12:27 EET [pool-2-thread-1] ERROR n.r.c.util.RunnableExceptionLogger - Uncaught exception in runnable net.runelite.client.game.ItemManager$$Lambda$128/0x0000000100395040@63c855ee
java.lang.RuntimeException: in plugin manager test
	at net.runelite.client.plugins.PluginManagerTest.lambda$before$0(PluginManagerTest.java:95)
	at okhttp3.internal.http.RealInterceptorChain.proceed(RealInterceptorChain.java:142)
	at okhttp3.internal.http.RealInterceptorChain.proceed(RealInterceptorChain.java:117)
	at okhttp3.RealCall.getResponseWithInterceptorChain(RealCall.java:229)
	at okhttp3.RealCall.execute(RealCall.java:81)
	at net.runelite.client.game.ItemClient.getStats(ItemClient.java:110)
	at net.runelite.client.game.ItemManager.loadStats(ItemManager.java:262)
	at net.runelite.client.util.RunnableExceptionLogger.run(RunnableExceptionLogger.java:41)
	at java.base/java.util.concurrent.Executors$RunnableAdapter.call(Executors.java:515)
	at java.base/java.util.concurrent.FutureTask.run(FutureTask.java:264)
	at java.base/java.util.concurrent.ScheduledThreadPoolExecutor$ScheduledFutureTask.run(ScheduledThreadPoolExecutor.java:304)
	at java.base/java.util.concurrent.ThreadPoolExecutor.runWorker(ThreadPoolExecutor.java:1128)
	at java.base/java.util.concurrent.ThreadPoolExecutor$Worker.run(ThreadPoolExecutor.java:628)
	at java.base/java.lang.Thread.run(Thread.java:829)
2025-10-30 09:12:27 EET [main] ERROR n.r.client.plugins.PluginManager - Error instantiating plugin!
net.runelite.client.plugins.PluginInstantiationException: com.google.inject.CreationException: Unable to create injector, see the following errors:

1) No implementation for net.runelite.client.plugins.asd.AsdConfig was bound.
  while locating net.runelite.client.plugins.asd.AsdConfig
    for the 2nd parameter of net.runelite.client.plugins.asd.MainOverlay.<init>(Unknown Source)
  while locating net.runelite.client.plugins.asd.MainOverlay
    for field at net.runelite.client.plugins.asd.AsdPlugin.overlay(Unknown Source)
  while locating net.runelite.client.plugins.asd.AsdPlugin
    for field at net.runelite.client.plugins.asd.SocketServer.plugin(Unknown Source)
  while locating net.runelite.client.plugins.asd.SocketServer
    for field at net.runelite.client.plugins.opponentinfo.CustomOpponentInfoPlugin.pluginSocketServer(Unknown Source)
  at net.runelite.client.plugins.PluginManager.lambda$instantiate$6(PluginManager.java:594)

2) No implementation for net.runelite.client.plugins.asd.AsdConfig was bound.
  while locating net.runelite.client.plugins.asd.AsdConfig
    for the 2nd parameter of net.runelite.client.plugins.asd.NpcOverlay.<init>(Unknown Source)
  while locating net.runelite.client.plugins.asd.NpcOverlay
    for field at net.runelite.client.plugins.asd.AsdPlugin.npcLocationOverlay(Unknown Source)
  while locating net.runelite.client.plugins.asd.AsdPlugin
    for field at net.runelite.client.plugins.asd.SocketServer.plugin(Unknown Source)
  while locating net.runelite.client.plugins.asd.SocketServer
    for field at net.runelite.client.plugins.opponentinfo.CustomOpponentInfoPlugin.pluginSocketServer(Unknown Source)
  at net.runelite.client.plugins.PluginManager.lambda$instantiate$6(PluginManager.java:594)

3) No implementation for net.runelite.client.plugins.asd.AsdConfig was bound.
  while locating net.runelite.client.plugins.asd.AsdConfig
    for the 2nd parameter of net.runelite.client.plugins.asd.PlayerOverlay.<init>(Unknown Source)
  while locating net.runelite.client.plugins.asd.PlayerOverlay
    for field at net.runelite.client.plugins.asd.AsdPlugin.playerOverlay(Unknown Source)
  while locating net.runelite.client.plugins.asd.AsdPlugin
    for field at net.runelite.client.plugins.asd.SocketServer.plugin(Unknown Source)
  while locating net.runelite.client.plugins.asd.SocketServer
    for field at net.runelite.client.plugins.opponentinfo.CustomOpponentInfoPlugin.pluginSocketServer(Unknown Source)
  at net.runelite.client.plugins.PluginManager.lambda$instantiate$6(PluginManager.java:594)

4) No implementation for net.runelite.client.plugins.asd.AsdConfig was bound.
  while locating net.runelite.client.plugins.asd.AsdConfig
    for field at net.runelite.client.plugins.asd.AsdPlugin.config(Unknown Source)
  while locating net.runelite.client.plugins.asd.AsdPlugin
    for field at net.runelite.client.plugins.asd.SocketServer.plugin(Unknown Source)
  while locating net.runelite.client.plugins.asd.SocketServer
    for field at net.runelite.client.plugins.opponentinfo.CustomOpponentInfoPlugin.pluginSocketServer(Unknown Source)
  at net.runelite.client.plugins.PluginManager.lambda$instantiate$6(PluginManager.java:594)

5) No implementation for net.runelite.client.plugins.asd.AsdConfig was bound.
  while locating net.runelite.client.plugins.asd.AsdConfig
    for field at net.runelite.client.plugins.asd.MinimapHoverHandler.config(Unknown Source)
  while locating net.runelite.client.plugins.asd.MinimapHoverHandler
    for field at net.runelite.client.plugins.asd.SocketServer.minimapHoverHandler(Unknown Source)
  while locating net.runelite.client.plugins.asd.SocketServer
    for field at net.runelite.client.plugins.opponentinfo.CustomOpponentInfoPlugin.pluginSocketServer(Unknown Source)
  at net.runelite.client.plugins.PluginManager.lambda$instantiate$6(PluginManager.java:594)

6) No implementation for net.runelite.client.plugins.asd.AsdConfig was bound.
  while locating net.runelite.client.plugins.asd.AsdConfig
    for field at net.runelite.client.plugins.asd.MinimapHoverOverlay.config(Unknown Source)
  while locating net.runelite.client.plugins.asd.MinimapHoverOverlay
    for field at net.runelite.client.plugins.asd.MinimapHoverHandler.minimapHoverOverlay(Unknown Source)
  while locating net.runelite.client.plugins.asd.MinimapHoverHandler
    for field at net.runelite.client.plugins.asd.SocketServer.minimapHoverHandler(Unknown Source)
  while locating net.runelite.client.plugins.asd.SocketServer
    for field at net.runelite.client.plugins.opponentinfo.CustomOpponentInfoPlugin.pluginSocketServer(Unknown Source)
  at net.runelite.client.plugins.PluginManager.lambda$instantiate$6(PluginManager.java:594)

7) No implementation for net.runelite.client.plugins.asd.AsdConfig was bound.
  while locating net.runelite.client.plugins.asd.AsdConfig
    for field at net.runelite.client.plugins.asd.VarbitHandler.config(Unknown Source)
  while locating net.runelite.client.plugins.asd.VarbitHandler
    for field at net.runelite.client.plugins.asd.AsdPlugin.varbitHandler(Unknown Source)
  while locating net.runelite.client.plugins.asd.AsdPlugin
    for field at net.runelite.client.plugins.asd.SocketServer.plugin(Unknown Source)
  while locating net.runelite.client.plugins.asd.SocketServer
    for field at net.runelite.client.plugins.opponentinfo.CustomOpponentInfoPlugin.pluginSocketServer(Unknown Source)
  at net.runelite.client.plugins.PluginManager.lambda$instantiate$6(PluginManager.java:594)

7 errors
	at net.runelite.client.plugins.PluginManager.instantiate(PluginManager.java:602)
	at net.runelite.client.plugins.PluginManager.loadPlugins(PluginManager.java:382)
	at net.runelite.client.plugins.PluginManager.loadCorePlugins(PluginManager.java:269)
	at net.runelite.client.plugins.PluginManagerTest.testLoadPlugins(PluginManagerTest.java:143)
	at java.base/jdk.internal.reflect.NativeMethodAccessorImpl.invoke0(Native Method)
	at java.base/jdk.internal.reflect.NativeMethodAccessorImpl.invoke(NativeMethodAccessorImpl.java:62)
	at java.base/jdk.internal.reflect.DelegatingMethodAccessorImpl.invoke(DelegatingMethodAccessorImpl.java:43)
	at java.base/java.lang.reflect.Method.invoke(Method.java:566)
	at org.junit.runners.model.FrameworkMethod$1.runReflectiveCall(FrameworkMethod.java:50)
	at org.junit.internal.runners.model.ReflectiveCallable.run(ReflectiveCallable.java:12)
	at org.junit.runners.model.FrameworkMethod.invokeExplosively(FrameworkMethod.java:47)
	at org.junit.internal.runners.statements.InvokeMethod.evaluate(InvokeMethod.java:17)
	at org.junit.internal.runners.statements.RunBefores.evaluate(RunBefores.java:26)
	at org.mockito.internal.runners.DefaultInternalRunner$1$1.evaluate(DefaultInternalRunner.java:44)
	at org.junit.rules.ExternalResource$1.evaluate(ExternalResource.java:48)
	at org.junit.rules.RunRules.evaluate(RunRules.java:20)
	at org.junit.runners.ParentRunner.runLeaf(ParentRunner.java:325)
	at org.junit.runners.BlockJUnit4ClassRunner.runChild(BlockJUnit4ClassRunner.java:78)
	at org.junit.runners.BlockJUnit4ClassRunner.runChild(BlockJUnit4ClassRunner.java:57)
	at org.junit.runners.ParentRunner$3.run(ParentRunner.java:290)
	at org.junit.runners.ParentRunner$1.schedule(ParentRunner.java:71)
	at org.junit.runners.ParentRunner.runChildren(ParentRunner.java:288)
	at org.junit.runners.ParentRunner.access$000(ParentRunner.java:58)
	at org.junit.runners.ParentRunner$2.evaluate(ParentRunner.java:268)
	at org.junit.runners.ParentRunner.run(ParentRunner.java:363)
	at org.mockito.internal.runners.DefaultInternalRunner$1.run(DefaultInternalRunner.java:74)
	at org.mockito.internal.runners.DefaultInternalRunner.run(DefaultInternalRunner.java:80)
	at org.mockito.internal.runners.StrictRunner.run(StrictRunner.java:39)
	at org.mockito.junit.MockitoJUnitRunner.run(MockitoJUnitRunner.java:163)
	at org.apache.maven.surefire.junit4.JUnit4Provider.execute(JUnit4Provider.java:365)
	at org.apache.maven.surefire.junit4.JUnit4Provider.executeWithRerun(JUnit4Provider.java:273)
	at org.apache.maven.surefire.junit4.JUnit4Provider.executeTestSet(JUnit4Provider.java:238)
	at org.apache.maven.surefire.junit4.JUnit4Provider.invoke(JUnit4Provider.java:159)
	at org.apache.maven.surefire.booter.ForkedBooter.invokeProviderInSameClassLoader(ForkedBooter.java:384)
	at org.apache.maven.surefire.booter.ForkedBooter.runSuitesInProcess(ForkedBooter.java:345)
	at org.apache.maven.surefire.booter.ForkedBooter.execute(ForkedBooter.java:126)
	at org.apache.maven.surefire.booter.ForkedBooter.main(ForkedBooter.java:418)
Caused by: com.google.inject.CreationException: Unable to create injector, see the following errors:

1) No implementation for net.runelite.client.plugins.asd.AsdConfig was bound.
  while locating net.runelite.client.plugins.asd.AsdConfig
    for the 2nd parameter of net.runelite.client.plugins.asd.MainOverlay.<init>(Unknown Source)
  while locating net.runelite.client.plugins.asd.MainOverlay
    for field at net.runelite.client.plugins.asd.AsdPlugin.overlay(Unknown Source)
  while locating net.runelite.client.plugins.asd.AsdPlugin
    for field at net.runelite.client.plugins.asd.SocketServer.plugin(Unknown Source)
  while locating net.runelite.client.plugins.asd.SocketServer
    for field at net.runelite.client.plugins.opponentinfo.CustomOpponentInfoPlugin.pluginSocketServer(Unknown Source)
  at net.runelite.client.plugins.PluginManager.lambda$instantiate$6(PluginManager.java:594)

2) No implementation for net.runelite.client.plugins.asd.AsdConfig was bound.
  while locating net.runelite.client.plugins.asd.AsdConfig
    for the 2nd parameter of net.runelite.client.plugins.asd.NpcOverlay.<init>(Unknown Source)
  while locating net.runelite.client.plugins.asd.NpcOverlay
    for field at net.runelite.client.plugins.asd.AsdPlugin.npcLocationOverlay(Unknown Source)
  while locating net.runelite.client.plugins.asd.AsdPlugin
    for field at net.runelite.client.plugins.asd.SocketServer.plugin(Unknown Source)
  while locating net.runelite.client.plugins.asd.SocketServer
    for field at net.runelite.client.plugins.opponentinfo.CustomOpponentInfoPlugin.pluginSocketServer(Unknown Source)
  at net.runelite.client.plugins.PluginManager.lambda$instantiate$6(PluginManager.java:594)

3) No implementation for net.runelite.client.plugins.asd.AsdConfig was bound.
  while locating net.runelite.client.plugins.asd.AsdConfig
    for the 2nd parameter of net.runelite.client.plugins.asd.PlayerOverlay.<init>(Unknown Source)
  while locating net.runelite.client.plugins.asd.PlayerOverlay
    for field at net.runelite.client.plugins.asd.AsdPlugin.playerOverlay(Unknown Source)
  while locating net.runelite.client.plugins.asd.AsdPlugin
    for field at net.runelite.client.plugins.asd.SocketServer.plugin(Unknown Source)
  while locating net.runelite.client.plugins.asd.SocketServer
    for field at net.runelite.client.plugins.opponentinfo.CustomOpponentInfoPlugin.pluginSocketServer(Unknown Source)
  at net.runelite.client.plugins.PluginManager.lambda$instantiate$6(PluginManager.java:594)

4) No implementation for net.runelite.client.plugins.asd.AsdConfig was bound.
  while locating net.runelite.client.plugins.asd.AsdConfig
    for field at net.runelite.client.plugins.asd.AsdPlugin.config(Unknown Source)
  while locating net.runelite.client.plugins.asd.AsdPlugin
    for field at net.runelite.client.plugins.asd.SocketServer.plugin(Unknown Source)
  while locating net.runelite.client.plugins.asd.SocketServer
    for field at net.runelite.client.plugins.opponentinfo.CustomOpponentInfoPlugin.pluginSocketServer(Unknown Source)
  at net.runelite.client.plugins.PluginManager.lambda$instantiate$6(PluginManager.java:594)

5) No implementation for net.runelite.client.plugins.asd.AsdConfig was bound.
  while locating net.runelite.client.plugins.asd.AsdConfig
    for field at net.runelite.client.plugins.asd.MinimapHoverHandler.config(Unknown Source)
  while locating net.runelite.client.plugins.asd.MinimapHoverHandler
    for field at net.runelite.client.plugins.asd.SocketServer.minimapHoverHandler(Unknown Source)
  while locating net.runelite.client.plugins.asd.SocketServer
    for field at net.runelite.client.plugins.opponentinfo.CustomOpponentInfoPlugin.pluginSocketServer(Unknown Source)
  at net.runelite.client.plugins.PluginManager.lambda$instantiate$6(PluginManager.java:594)

6) No implementation for net.runelite.client.plugins.asd.AsdConfig was bound.
  while locating net.runelite.client.plugins.asd.AsdConfig
    for field at net.runelite.client.plugins.asd.MinimapHoverOverlay.config(Unknown Source)
  while locating net.runelite.client.plugins.asd.MinimapHoverOverlay
    for field at net.runelite.client.plugins.asd.MinimapHoverHandler.minimapHoverOverlay(Unknown Source)
  while locating net.runelite.client.plugins.asd.MinimapHoverHandler
    for field at net.runelite.client.plugins.asd.SocketServer.minimapHoverHandler(Unknown Source)
  while locating net.runelite.client.plugins.asd.SocketServer
    for field at net.runelite.client.plugins.opponentinfo.CustomOpponentInfoPlugin.pluginSocketServer(Unknown Source)
  at net.runelite.client.plugins.PluginManager.lambda$instantiate$6(PluginManager.java:594)

7) No implementation for net.runelite.client.plugins.asd.AsdConfig was bound.
  while locating net.runelite.client.plugins.asd.AsdConfig
    for field at net.runelite.client.plugins.asd.VarbitHandler.config(Unknown Source)
  while locating net.runelite.client.plugins.asd.VarbitHandler
    for field at net.runelite.client.plugins.asd.AsdPlugin.varbitHandler(Unknown Source)
  while locating net.runelite.client.plugins.asd.AsdPlugin
    for field at net.runelite.client.plugins.asd.SocketServer.plugin(Unknown Source)
  while locating net.runelite.client.plugins.asd.SocketServer
    for field at net.runelite.client.plugins.opponentinfo.CustomOpponentInfoPlugin.pluginSocketServer(Unknown Source)
  at net.runelite.client.plugins.PluginManager.lambda$instantiate$6(PluginManager.java:594)

7 errors
	at com.google.inject.internal.Errors.throwCreationExceptionIfErrorsExist(Errors.java:470)
	at com.google.inject.internal.InternalInjectorCreator.initializeStatically(InternalInjectorCreator.java:155)
	at com.google.inject.internal.InternalInjectorCreator.build(InternalInjectorCreator.java:107)
	at com.google.inject.internal.InjectorImpl.createChildInjector(InjectorImpl.java:232)
	at com.google.inject.internal.InjectorImpl.createChildInjector(InjectorImpl.java:236)
	at net.runelite.client.plugins.PluginManager.instantiate(PluginManager.java:597)
	... 36 common frames omitted
2025-10-30 09:12:28 EET [main] INFO  n.r.c.plugins.kourendlibrary.Library - Library is now reset
2025-10-30 09:12:28 EET [pool-2-thread-1] ERROR n.r.c.util.RunnableExceptionLogger - Uncaught exception in runnable net.runelite.client.game.NPCManager$$Lambda$1084/0x000000010098cc40@34823654
java.lang.RuntimeException: in plugin manager test
	at net.runelite.client.plugins.PluginManagerTest.lambda$before$0(PluginManagerTest.java:95)
	at okhttp3.internal.http.RealInterceptorChain.proceed(RealInterceptorChain.java:142)
	at okhttp3.internal.http.RealInterceptorChain.proceed(RealInterceptorChain.java:117)
	at okhttp3.RealCall.getResponseWithInterceptorChain(RealCall.java:229)
	at okhttp3.RealCall.execute(RealCall.java:81)
	at net.runelite.client.game.NpcInfoClient.getNpcs(NpcInfoClient.java:73)
	at net.runelite.client.game.NPCManager.loadNpcs(NPCManager.java:67)
	at net.runelite.client.util.RunnableExceptionLogger.run(RunnableExceptionLogger.java:41)
	at java.base/java.util.concurrent.Executors$RunnableAdapter.call(Executors.java:515)
	at java.base/java.util.concurrent.FutureTask.run(FutureTask.java:264)
	at java.base/java.util.concurrent.ScheduledThreadPoolExecutor$ScheduledFutureTask.run(ScheduledThreadPoolExecutor.java:304)
	at java.base/java.util.concurrent.ThreadPoolExecutor.runWorker(ThreadPoolExecutor.java:1128)
	at java.base/java.util.concurrent.ThreadPoolExecutor$Worker.run(ThreadPoolExecutor.java:628)
	at java.base/java.lang.Thread.run(Thread.java:829)
2025-10-30 09:12:28 EET [pool-2-thread-1] ERROR n.r.c.util.RunnableExceptionLogger - Uncaught exception in runnable net.runelite.client.game.WorldService$$Lambda$1126/0x00000001009d6840@6bd1edb9
java.lang.RuntimeException: in plugin manager test
	at net.runelite.client.plugins.PluginManagerTest.lambda$before$0(PluginManagerTest.java:95)
	at okhttp3.internal.http.RealInterceptorChain.proceed(RealInterceptorChain.java:142)
	at okhttp3.internal.http.RealInterceptorChain.proceed(RealInterceptorChain.java:117)
	at okhttp3.RealCall.getResponseWithInterceptorChain(RealCall.java:229)
	at okhttp3.RealCall.execute(RealCall.java:81)
	at net.runelite.client.game.WorldClient.lookupWorlds(WorldClient.java:61)
	at net.runelite.client.game.WorldService.fetch(WorldService.java:96)
	at net.runelite.client.game.WorldService.tick(WorldService.java:81)
	at net.runelite.client.util.RunnableExceptionLogger.run(RunnableExceptionLogger.java:41)
	at java.base/java.util.concurrent.Executors$RunnableAdapter.call(Executors.java:515)
	at java.base/java.util.concurrent.FutureTask.runAndReset(FutureTask.java:305)
	at java.base/java.util.concurrent.ScheduledThreadPoolExecutor$ScheduledFutureTask.run(ScheduledThreadPoolExecutor.java:305)
	at java.base/java.util.concurrent.ThreadPoolExecutor.runWorker(ThreadPoolExecutor.java:1128)
	at java.base/java.util.concurrent.ThreadPoolExecutor$Worker.run(ThreadPoolExecutor.java:628)
	at java.base/java.lang.Thread.run(Thread.java:829)
2025-10-30 09:12:28 EET [main] INFO  n.r.client.plugins.asd.GetVarbits - Populated 408 varbit names
]]></system-out>
  </testcase>
  <testcase name="dumpGraph" classname="net.runelite.client.plugins.PluginManagerTest" time="1.508"/>
  <testcase name="ensureNoDuplicateConfigKeyNames" classname="net.runelite.client.plugins.PluginManagerTest" time="0.541"/>
  <testcase name="testTopologicalSort" classname="net.runelite.client.plugins.PluginManagerTest" time="0.515"/>
</testsuite>